# JRE version: 7.0_07-b11
# Java VM: Java HotSpot(TM) 64-Bit Server VM (23.3-b01 mixed mode windows-amd64 compressed oops)
Heap
 PSYoungGen      total 14016K, used 10738K [0x00000000f0560000, 0x00000000f20c0000, 0x0000000100000000)
  eden space 12032K, 89% used [0x00000000f0560000,0x00000000f0fdcb50,0x00000000f1120000)
  from space 1984K, 0% used [0x00000000f1120000,0x00000000f1120000,0x00000000f1310000)
  to   space 1984K, 0% used [0x00000000f1ed0000,0x00000000f1ed0000,0x00000000f20c0000)
 ParOldGen       total 64000K, used 30759K [0x00000000d1000000, 0x00000000d4e80000, 0x00000000f0560000)
  object space 64000K, 48% used [0x00000000d1000000,0x00000000d2e09d78,0x00000000d4e80000)
 PSPermGen       total 21248K, used 8805K [0x00000000cbe00000, 0x00000000cd2c0000, 0x00000000d1000000)
  object space 21248K, 41% used [0x00000000cbe00000,0x00000000cc699480,0x00000000cd2c0000)
GC Heap History (8 events):
Event: 2.264 GC heap before
{Heap before GC invocations=1 (full 0):
 PSYoungGen      total 14016K, used 11344K [0x00000000f0560000, 0x00000000f1500000, 0x0000000100000000)
  eden space 12032K, 94% used [0x00000000f0560000,0x00000000f10743e8,0x00000000f1120000)
  from space 1984K, 0% used [0x00000000f1310000,0x00000000f1310000,0x00000000f1500000)
  to   space 1984K, 0% used [0x00000000f1120000,0x00000000f1120000,0x00000000f1310000)
 ParOldGen       total 32064K, used 0K [0x00000000d1000000, 0x00000000d2f50000, 0x00000000f0560000)
  object space 32064K, 0% used [0x00000000d1000000,0x00000000d1000000,0x00000000d2f50000)
 PSPermGen       total 21248K, used 8729K [0x00000000cbe00000, 0x00000000cd2c0000, 0x00000000d1000000)
  object space 21248K, 41% used [0x00000000cbe00000,0x00000000cc6867a8,0x00000000cd2c0000)
Event: 2.275 GC heap after
Heap after GC invocations=1 (full 0):
 PSYoungGen      total 14016K, used 1952K [0x00000000f0560000, 0x00000000f1500000, 0x0000000100000000)
  eden space 12032K, 0% used [0x00000000f0560000,0x00000000f0560000,0x00000000f1120000)
  from space 1984K, 98% used [0x00000000f1120000,0x00000000f1308040,0x00000000f1310000)
  to   space 1984K, 0% used [0x00000000f1310000,0x00000000f1310000,0x00000000f1500000)
 ParOldGen       total 32064K, used 5736K [0x00000000d1000000, 0x00000000d2f50000, 0x00000000f0560000)
  object space 32064K, 17% used [0x00000000d1000000,0x00000000d159a3e8,0x00000000d2f50000)
 PSPermGen       total 21248K, used 8729K [0x00000000cbe00000, 0x00000000cd2c0000, 0x00000000d1000000)
  object space 21248K, 41% used [0x00000000cbe00000,0x00000000cc6867a8,0x00000000cd2c0000)
}
Event: 2.358 GC heap before
{Heap before GC invocations=2 (full 0):
 PSYoungGen      total 14016K, used 13984K [0x00000000f0560000, 0x00000000f1500000, 0x0000000100000000)
  eden space 12032K, 100% used [0x00000000f0560000,0x00000000f1120000,0x00000000f1120000)
  from space 1984K, 98% used [0x00000000f1120000,0x00000000f1308040,0x00000000f1310000)
  to   space 1984K, 0% used [0x00000000f1310000,0x00000000f1310000,0x00000000f1500000)
 ParOldGen       total 32064K, used 5736K [0x00000000d1000000, 0x00000000d2f50000, 0x00000000f0560000)
  object space 32064K, 17% used [0x00000000d1000000,0x00000000d159a3e8,0x00000000d2f50000)
 PSPermGen       total 21248K, used 8735K [0x00000000cbe00000, 0x00000000cd2c0000, 0x00000000d1000000)
  object space 21248K, 41% used [0x00000000cbe00000,0x00000000cc687f70,0x00000000cd2c0000)
Event: 2.406 GC heap after
Heap after GC invocations=2 (full 0):
 PSYoungGen      total 14016K, used 1952K [0x00000000f0560000, 0x00000000f20c0000, 0x0000000100000000)
  eden space 12032K, 0% used [0x00000000f0560000,0x00000000f0560000,0x00000000f1120000)
  from space 1984K, 98% used [0x00000000f1310000,0x00000000f14f8020,0x00000000f1500000)
  to   space 1984K, 0% used [0x00000000f1120000,0x00000000f1120000,0x00000000f1310000)
 ParOldGen       total 32064K, used 17329K [0x00000000d1000000, 0x00000000d2f50000, 0x00000000f0560000)
  object space 32064K, 54% used [0x00000000d1000000,0x00000000d20ec448,0x00000000d2f50000)
 PSPermGen       total 21248K, used 8735K [0x00000000cbe00000, 0x00000000cd2c0000, 0x00000000d1000000)
  object space 21248K, 41% used [0x00000000cbe00000,0x00000000cc687f70,0x00000000cd2c0000)
}
Event: 2.483 GC heap before
{Heap before GC invocations=3 (full 0):
 PSYoungGen      total 14016K, used 13984K [0x00000000f0560000, 0x00000000f20c0000, 0x0000000100000000)
  eden space 12032K, 100% used [0x00000000f0560000,0x00000000f1120000,0x00000000f1120000)
  from space 1984K, 98% used [0x00000000f1310000,0x00000000f14f8020,0x00000000f1500000)
  to   space 1984K, 0% used [0x00000000f1120000,0x00000000f1120000,0x00000000f1310000)
 ParOldGen       total 32064K, used 17329K [0x00000000d1000000, 0x00000000d2f50000, 0x00000000f0560000)
  object space 32064K, 54% used [0x00000000d1000000,0x00000000d20ec448,0x00000000d2f50000)
 PSPermGen       total 21248K, used 8735K [0x00000000cbe00000, 0x00000000cd2c0000, 0x00000000d1000000)
  object space 21248K, 41% used [0x00000000cbe00000,0x00000000cc687f70,0x00000000cd2c0000)
Event: 2.543 GC heap after
Heap after GC invocations=3 (full 0):
 PSYoungGen      total 14016K, used 1952K [0x00000000f0560000, 0x00000000f20c0000, 0x0000000100000000)
  eden space 12032K, 0% used [0x00000000f0560000,0x00000000f0560000,0x00000000f1120000)
  from space 1984K, 98% used [0x00000000f1120000,0x00000000f1308020,0x00000000f1310000)
  to   space 1984K, 0% used [0x00000000f1ed0000,0x00000000f1ed0000,0x00000000f20c0000)
 ParOldGen       total 32064K, used 30617K [0x00000000d1000000, 0x00000000d2f50000, 0x00000000f0560000)
  object space 32064K, 95% used [0x00000000d1000000,0x00000000d2de6458,0x00000000d2f50000)
 PSPermGen       total 21248K, used 8735K [0x00000000cbe00000, 0x00000000cd2c0000, 0x00000000d1000000)
  object space 21248K, 41% used [0x00000000cbe00000,0x00000000cc687f70,0x00000000cd2c0000)
}
Event: 2.543 GC heap before
{Heap before GC invocations=4 (full 1):
 PSYoungGen      total 14016K, used 1952K [0x00000000f0560000, 0x00000000f20c0000, 0x0000000100000000)
  eden space 12032K, 0% used [0x00000000f0560000,0x00000000f0560000,0x00000000f1120000)
  from space 1984K, 98% used [0x00000000f1120000,0x00000000f1308020,0x00000000f1310000)
  to   space 1984K, 0% used [0x00000000f1ed0000,0x00000000f1ed0000,0x00000000f20c0000)
 ParOldGen       total 32064K, used 30617K [0x00000000d1000000, 0x00000000d2f50000, 0x00000000f0560000)
  object space 32064K, 95% used [0x00000000d1000000,0x00000000d2de6458,0x00000000d2f50000)
 PSPermGen       total 21248K, used 8735K [0x00000000cbe00000, 0x00000000cd2c0000, 0x00000000d1000000)
  object space 21248K, 41% used [0x00000000cbe00000,0x00000000cc687f70,0x00000000cd2c0000)
Event: 3.113 GC heap after
Heap after GC invocations=4 (full 1):
 PSYoungGen      total 14016K, used 0K [0x00000000f0560000, 0x00000000f20c0000, 0x0000000100000000)
  eden space 12032K, 0% used [0x00000000f0560000,0x00000000f0560000,0x00000000f1120000)
  from space 1984K, 0% used [0x00000000f1120000,0x00000000f1120000,0x00000000f1310000)
  to   space 1984K, 0% used [0x00000000f1ed0000,0x00000000f1ed0000,0x00000000f20c0000)
 ParOldGen       total 64000K, used 30759K [0x00000000d1000000, 0x00000000d4e80000, 0x00000000f0560000)
  object space 64000K, 48% used [0x00000000d1000000,0x00000000d2e09d78,0x00000000d4e80000)
 PSPermGen       total 21248K, used 8732K [0x00000000cbe00000, 0x00000000cd2c0000, 0x00000000d1000000)
  object space 21248K, 41% used [0x00000000cbe00000,0x00000000cc6873f0,0x00000000cd2c0000)
}

